1520111967891	geckodriver	INFO	geckodriver 0.19.1
1520111967900	geckodriver	INFO	Listening on 127.0.0.1:60811
1520111969423	mozrunner::runner	INFO	Running command: "/Applications/Firefox.app/Contents/MacOS/firefox-bin" "-marionette" "-profile" "/var/folders/jd/lgzdg3wn3dqff7q6k9fpc6nw0000gn/T/rust_mozprofile.OqNEBxuqjqMw"
1520111971971	Marionette	INFO	Enabled via --marionette
2018-03-03 15:19:34.602 plugin-container[40321:1018262] *** CFMessagePort: bootstrap_register(): failed 1100 (0x44c) 'Permission denied', port = 0xa42f, name = 'com.apple.tsm.portname'
See /usr/include/servers/bootstrap_defs.h for the error codes.
2018-03-03 15:19:35.436 plugin-container[40322:1018361] *** CFMessagePort: bootstrap_register(): failed 1100 (0x44c) 'Permission denied', port = 0xa037, name = 'com.apple.tsm.portname'
See /usr/include/servers/bootstrap_defs.h for the error codes.
1520111976058	Marionette	INFO	Listening on port 60830
1520111976153	Marionette	WARN	TLS certificate errors will be ignored for this session
[Child 40321, Chrome_ChildThread] WARNING: pipe error: Broken pipe: file /builds/worker/workspace/build/src/ipc/chromium/src/chrome/common/ipc_channel_posix.cc, line 709
1520192038216	geckodriver	INFO	geckodriver 0.19.1
1520192038232	geckodriver	INFO	Listening on 127.0.0.1:56671
1520192039605	mozrunner::runner	INFO	Running command: "/Applications/Firefox.app/Contents/MacOS/firefox-bin" "-marionette" "-profile" "/var/folders/jd/lgzdg3wn3dqff7q6k9fpc6nw0000gn/T/rust_mozprofile.R7amjfQzai93"
1520192041911	Marionette	INFO	Enabled via --marionette
2018-03-04 13:34:04.479 plugin-container[44346:1152028] *** CFMessagePort: bootstrap_register(): failed 1100 (0x44c) 'Permission denied', port = 0xa22f, name = 'com.apple.tsm.portname'
See /usr/include/servers/bootstrap_defs.h for the error codes.
2018-03-04 13:34:05.592 plugin-container[44347:1152093] *** CFMessagePort: bootstrap_register(): failed 1100 (0x44c) 'Permission denied', port = 0x9d37, name = 'com.apple.tsm.portname'
See /usr/include/servers/bootstrap_defs.h for the error codes.
1520192046069	Marionette	INFO	Listening on port 56686
1520192046208	Marionette	WARN	TLS certificate errors will be ignored for this session
[Child 44346, Chrome_ChildThread] WARNING: pipe error: Broken pipe: file /builds/worker/workspace/build/src/ipc/chromium/src/chrome/common/ipc_channel_posix.cc, line 709
1520192164455	geckodriver	INFO	geckodriver 0.19.1
1520192164473	geckodriver	INFO	Listening on 127.0.0.1:57558
1520192165809	mozrunner::runner	INFO	Running command: "/Applications/Firefox.app/Contents/MacOS/firefox-bin" "-marionette" "-profile" "/var/folders/jd/lgzdg3wn3dqff7q6k9fpc6nw0000gn/T/rust_mozprofile.1mrgEXQ8dDh2"
1520192168000	Marionette	INFO	Enabled via --marionette
2018-03-04 13:36:10.234 plugin-container[44467:1155317] *** CFMessagePort: bootstrap_register(): failed 1100 (0x44c) 'Permission denied', port = 0xa337, name = 'com.apple.tsm.portname'
See /usr/include/servers/bootstrap_defs.h for the error codes.
2018-03-04 13:36:11.199 plugin-container[44468:1155392] *** CFMessagePort: bootstrap_register(): failed 1100 (0x44c) 'Permission denied', port = 0x9e37, name = 'com.apple.tsm.portname'
See /usr/include/servers/bootstrap_defs.h for the error codes.
1520192171455	Marionette	INFO	Listening on port 57577
1520192171543	Marionette	WARN	TLS certificate errors will be ignored for this session
[Child 44467, Chrome_ChildThread] WARNING: pipe error: Broken pipe: file /builds/worker/workspace/build/src/ipc/chromium/src/chrome/common/ipc_channel_posix.cc, line 709
1520192684507	geckodriver	INFO	geckodriver 0.19.1
1520192684527	geckodriver	INFO	Listening on 127.0.0.1:60140
1520192685853	mozrunner::runner	INFO	Running command: "/Applications/Firefox.app/Contents/MacOS/firefox-bin" "-marionette" "-profile" "/var/folders/jd/lgzdg3wn3dqff7q6k9fpc6nw0000gn/T/rust_mozprofile.qaFnaAC84TI8"
1520192687978	Marionette	INFO	Enabled via --marionette
2018-03-04 13:44:50.201 plugin-container[44818:1164361] *** CFMessagePort: bootstrap_register(): failed 1100 (0x44c) 'Permission denied', port = 0xa32f, name = 'com.apple.tsm.portname'
See /usr/include/servers/bootstrap_defs.h for the error codes.
2018-03-04 13:44:51.195 plugin-container[44819:1164443] *** CFMessagePort: bootstrap_register(): failed 1100 (0x44c) 'Permission denied', port = 0x9e37, name = 'com.apple.tsm.portname'
See /usr/include/servers/bootstrap_defs.h for the error codes.
1520192691680	Marionette	INFO	Listening on port 60155
1520192691801	Marionette	WARN	TLS certificate errors will be ignored for this session
1520192940699	geckodriver	INFO	geckodriver 0.19.1
1520192940712	geckodriver	INFO	Listening on 127.0.0.1:61509
1520192942029	mozrunner::runner	INFO	Running command: "/Applications/Firefox.app/Contents/MacOS/firefox-bin" "-marionette" "-profile" "/var/folders/jd/lgzdg3wn3dqff7q6k9fpc6nw0000gn/T/rust_mozprofile.eP18gKlEcyxq"
1520192944275	Marionette	INFO	Enabled via --marionette
2018-03-04 13:49:06.872 plugin-container[45001:1169511] *** CFMessagePort: bootstrap_register(): failed 1100 (0x44c) 'Permission denied', port = 0xa22f, name = 'com.apple.tsm.portname'
See /usr/include/servers/bootstrap_defs.h for the error codes.
2018-03-04 13:49:07.612 plugin-container[45002:1169608] *** CFMessagePort: bootstrap_register(): failed 1100 (0x44c) 'Permission denied', port = 0x9e37, name = 'com.apple.tsm.portname'
See /usr/include/servers/bootstrap_defs.h for the error codes.
1520192948192	Marionette	INFO	Listening on port 61524
1520192948307	Marionette	WARN	TLS certificate errors will be ignored for this session
1520192977554	geckodriver	INFO	geckodriver 0.19.1
1520192977577	geckodriver	INFO	Listening on 127.0.0.1:61950
1520192978855	mozrunner::runner	INFO	Running command: "/Applications/Firefox.app/Contents/MacOS/firefox-bin" "-marionette" "-profile" "/var/folders/jd/lgzdg3wn3dqff7q6k9fpc6nw0000gn/T/rust_mozprofile.ZIRVk7PdKn2y"
1520192980792	Marionette	INFO	Enabled via --marionette
2018-03-04 13:49:43.566 plugin-container[45066:1171298] *** CFMessagePort: bootstrap_register(): failed 1100 (0x44c) 'Permission denied', port = 0xa22f, name = 'com.apple.tsm.portname'
See /usr/include/servers/bootstrap_defs.h for the error codes.
2018-03-04 13:49:44.422 plugin-container[45067:1171357] *** CFMessagePort: bootstrap_register(): failed 1100 (0x44c) 'Permission denied', port = 0x9f2b, name = 'com.apple.tsm.portname'
See /usr/include/servers/bootstrap_defs.h for the error codes.
1520192985054	Marionette	INFO	Listening on port 61969
1520192985125	Marionette	WARN	TLS certificate errors will be ignored for this session
[Child 45066, Chrome_ChildThread] WARNING: pipe error: Broken pipe: file /builds/worker/workspace/build/src/ipc/chromium/src/chrome/common/ipc_channel_posix.cc, line 709
1520193845492	geckodriver	INFO	geckodriver 0.19.1
1520193845506	geckodriver	INFO	Listening on 127.0.0.1:49471
1520193846827	mozrunner::runner	INFO	Running command: "/Applications/Firefox.app/Contents/MacOS/firefox-bin" "-marionette" "-profile" "/var/folders/jd/lgzdg3wn3dqff7q6k9fpc6nw0000gn/T/rust_mozprofile.KFBKXW1wzFuD"
1520193848645	Marionette	INFO	Enabled via --marionette
2018-03-04 14:04:10.581 plugin-container[45243:1178243] *** CFMessagePort: bootstrap_register(): failed 1100 (0x44c) 'Permission denied', port = 0xa127, name = 'com.apple.tsm.portname'
See /usr/include/servers/bootstrap_defs.h for the error codes.
2018-03-04 14:04:11.382 plugin-container[45244:1178317] *** CFMessagePort: bootstrap_register(): failed 1100 (0x44c) 'Permission denied', port = 0x9f37, name = 'com.apple.tsm.portname'
See /usr/include/servers/bootstrap_defs.h for the error codes.
1520193851585	Marionette	INFO	Listening on port 49490
1520193851605	Marionette	WARN	TLS certificate errors will be ignored for this session

###!!! [Child][MessageChannel] Error: (msgtype=0x4E0005,name=PLayerTransaction::Msg_NewCompositable) Channel error: cannot send/recv

1520193930285	geckodriver	INFO	geckodriver 0.19.1
1520193930302	geckodriver	INFO	Listening on 127.0.0.1:50303
1520193931583	mozrunner::runner	INFO	Running command: "/Applications/Firefox.app/Contents/MacOS/firefox-bin" "-marionette" "-profile" "/var/folders/jd/lgzdg3wn3dqff7q6k9fpc6nw0000gn/T/rust_mozprofile.uogkLbhcaiJv"
1520193934123	Marionette	INFO	Enabled via --marionette
2018-03-04 14:05:36.642 plugin-container[45287:1179986] *** CFMessagePort: bootstrap_register(): failed 1100 (0x44c) 'Permission denied', port = 0xa333, name = 'com.apple.tsm.portname'
See /usr/include/servers/bootstrap_defs.h for the error codes.
2018-03-04 14:05:37.445 plugin-container[45288:1180063] *** CFMessagePort: bootstrap_register(): failed 1100 (0x44c) 'Permission denied', port = 0x9f37, name = 'com.apple.tsm.portname'
See /usr/include/servers/bootstrap_defs.h for the error codes.
1520193938062	Marionette	INFO	Listening on port 50322
1520193938118	Marionette	WARN	TLS certificate errors will be ignored for this session
JavaScript error: https://registry.api.cnn.io/bundles/fave/vendor/freewheel.0f7000d8, line 436: TypeError: this.vpaidCreative is null
JavaScript error: https://registry.api.cnn.io/bundles/fave/vendor/freewheel.0f7000d8, line 436: TypeError: this.vpaidCreative is null
JavaScript error: https://registry.api.cnn.io/bundles/fave/vendor/freewheel.0f7000d8, line 436: TypeError: this.vpaidCreative is null
1520194016580	geckodriver	INFO	geckodriver 0.19.1
1520194016601	geckodriver	INFO	Listening on 127.0.0.1:51066
1520194022080	mozrunner::runner	INFO	Running command: "/Applications/Firefox.app/Contents/MacOS/firefox-bin" "-marionette" "-profile" "/var/folders/jd/lgzdg3wn3dqff7q6k9fpc6nw0000gn/T/rust_mozprofile.aRlDITa3Ajqh"
1520194024016	Marionette	INFO	Enabled via --marionette
2018-03-04 14:07:06.553 plugin-container[45377:1182238] *** CFMessagePort: bootstrap_register(): failed 1100 (0x44c) 'Permission denied', port = 0xa32f, name = 'com.apple.tsm.portname'
See /usr/include/servers/bootstrap_defs.h for the error codes.
2018-03-04 14:07:07.197 plugin-container[45378:1182304] *** CFMessagePort: bootstrap_register(): failed 1100 (0x44c) 'Permission denied', port = 0x9f37, name = 'com.apple.tsm.portname'
See /usr/include/servers/bootstrap_defs.h for the error codes.
1520194027660	Marionette	INFO	Listening on port 51097
1520194027729	Marionette	WARN	TLS certificate errors will be ignored for this session
JavaScript error: https://registry.api.cnn.io/bundles/fave/vendor/freewheel.0f7000d8, line 203: TypeError: this.getContentVideoElement(...) is null
JavaScript error: https://registry.api.cnn.io/bundles/fave/vendor/freewheel.0f7000d8, line 203: TypeError: this.getContentVideoElement(...) is null
JavaScript error: https://acdn.adnxs.com/vx/static/w/anwrapper-1.410.0.js, line 3: NS_ERROR_NOT_INITIALIZED: 
JavaScript error: https://acdn.adnxs.com/vx/static/w/anwrapper-1.410.0.js, line 6: NS_ERROR_NOT_INITIALIZED: 
JavaScript error: https://registry.api.cnn.io/bundles/fave/vendor/freewheel.0f7000d8, line 203: TypeError: this.getContentVideoElement(...) is null
JavaScript error: https://registry.api.cnn.io/bundles/fave/vendor/freewheel.0f7000d8, line 203: TypeError: this.getContentVideoElement(...) is null
JavaScript error: https://registry.api.cnn.io/bundles/fave/vendor/freewheel.0f7000d8, line 203: TypeError: this.getContentVideoElement(...) is null
JavaScript error: https://registry.api.cnn.io/bundles/fave/vendor/freewheel.0f7000d8, line 203: TypeError: this.getContentVideoElement(...) is null
JavaScript error: https://acdn.adnxs.com/vx/static/w/anwrapper-1.410.0.js, line 6: NS_ERROR_NOT_INITIALIZED: 
JavaScript error: https://s-static.innovid.com/mobileapps/s/js/vpaid/1eja0t?cb=65f8e14e-4639-ebf0-a123-06d6df01c579&deviceid=&ivc=[ecp], line 279: NS_ERROR_NOT_INITIALIZED: 
JavaScript error: https://registry.api.cnn.io/bundles/fave/vendor/freewheel.0f7000d8, line 203: TypeError: this.getContentVideoElement(...) is null
JavaScript error: https://registry.api.cnn.io/bundles/fave/vendor/freewheel.0f7000d8, line 203: TypeError: this.getContentVideoElement(...) is null
JavaScript error: https://registry.api.cnn.io/bundles/fave/vendor/freewheel.0f7000d8, line 203: TypeError: this.getContentVideoElement(...) is null
JavaScript error: https://registry.api.cnn.io/bundles/fave/vendor/freewheel.0f7000d8, line 203: TypeError: this.getContentVideoElement(...) is null
JavaScript error: https://s-static.innovid.com/mobileapps/s/js/vpaid/1eja0t?cb=65f8e14e-4639-ebf0-a123-06d6df01c579&deviceid=&ivc=[ecp], line 279: NS_ERROR_NOT_INITIALIZED: 
JavaScript error: https://s-static.innovid.com/mobileapps/s/js/vpaid/1eja0t?cb=65f8e14e-4639-ebf0-a123-06d6df01c579&deviceid=&ivc=[ecp], line 279: NS_ERROR_NOT_INITIALIZED: 
JavaScript error: https://s-static.innovid.com/mobileapps/s/js/vpaid/1eja0t?cb=65f8e14e-4639-ebf0-a123-06d6df01c579&deviceid=&ivc=[ecp], line 279: NS_ERROR_NOT_INITIALIZED: 
JavaScript error: https://s-static.innovid.com/mobileapps/s/js/vpaid/1eja0t?cb=65f8e14e-4639-ebf0-a123-06d6df01c579&deviceid=&ivc=[ecp], line 279: NS_ERROR_NOT_INITIALIZED: 
JavaScript error: https://s-static.innovid.com/mobileapps/s/js/vpaid/1eja0t?cb=65f8e14e-4639-ebf0-a123-06d6df01c579&deviceid=&ivc=[ecp], line 279: NS_ERROR_NOT_INITIALIZED: 
JavaScript error: https://s-static.innovid.com/mobileapps/s/js/vpaid/1eja0t?cb=65f8e14e-4639-ebf0-a123-06d6df01c579&deviceid=&ivc=[ecp], line 279: NS_ERROR_NOT_INITIALIZED: 
JavaScript error: https://s-static.innovid.com/mobileapps/s/js/vpaid/1eja0t?cb=65f8e14e-4639-ebf0-a123-06d6df01c579&deviceid=&ivc=[ecp], line 279: NS_ERROR_NOT_INITIALIZED: 
JavaScript error: https://s-static.innovid.com/mobileapps/s/js/vpaid/1eja0t?cb=65f8e14e-4639-ebf0-a123-06d6df01c579&deviceid=&ivc=[ecp], line 279: NS_ERROR_NOT_INITIALIZED: 
JavaScript error: https://s-static.innovid.com/mobileapps/s/js/vpaid/1eja0t?cb=65f8e14e-4639-ebf0-a123-06d6df01c579&deviceid=&ivc=[ecp], line 279: NS_ERROR_NOT_INITIALIZED: 
JavaScript error: https://s-static.innovid.com/mobileapps/s/js/vpaid/1eja0t?cb=65f8e14e-4639-ebf0-a123-06d6df01c579&deviceid=&ivc=[ecp], line 279: NS_ERROR_NOT_INITIALIZED: 
JavaScript error: https://s-static.innovid.com/mobileapps/s/js/vpaid/1eja0t?cb=65f8e14e-4639-ebf0-a123-06d6df01c579&deviceid=&ivc=[ecp], line 279: NS_ERROR_NOT_INITIALIZED: 
JavaScript error: https://s-static.innovid.com/mobileapps/s/js/vpaid/1eja0t?cb=65f8e14e-4639-ebf0-a123-06d6df01c579&deviceid=&ivc=[ecp], line 279: NS_ERROR_NOT_INITIALIZED: 
JavaScript error: https://s-static.innovid.com/mobileapps/s/js/vpaid/1eja0t?cb=65f8e14e-4639-ebf0-a123-06d6df01c579&deviceid=&ivc=[ecp], line 279: NS_ERROR_NOT_INITIALIZED: 
JavaScript error: https://s-static.innovid.com/mobileapps/s/js/vpaid/1eja0t?cb=65f8e14e-4639-ebf0-a123-06d6df01c579&deviceid=&ivc=[ecp], line 279: NS_ERROR_NOT_INITIALIZED: 
JavaScript error: https://s-static.innovid.com/mobileapps/s/js/vpaid/1eja0t?cb=65f8e14e-4639-ebf0-a123-06d6df01c579&deviceid=&ivc=[ecp], line 279: NS_ERROR_NOT_INITIALIZED: 
JavaScript error: https://s-static.innovid.com/mobileapps/s/js/vpaid/1eja0t?cb=65f8e14e-4639-ebf0-a123-06d6df01c579&deviceid=&ivc=[ecp], line 279: NS_ERROR_NOT_INITIALIZED: 
JavaScript error: https://s-static.innovid.com/mobileapps/s/js/vpaid/1eja0t?cb=65f8e14e-4639-ebf0-a123-06d6df01c579&deviceid=&ivc=[ecp], line 279: NS_ERROR_NOT_INITIALIZED: 
JavaScript error: https://s-static.innovid.com/mobileapps/s/js/vpaid/1eja0t?cb=65f8e14e-4639-ebf0-a123-06d6df01c579&deviceid=&ivc=[ecp], line 279: NS_ERROR_NOT_INITIALIZED: 
JavaScript error: https://s-static.innovid.com/mobileapps/s/js/vpaid/1eja0t?cb=65f8e14e-4639-ebf0-a123-06d6df01c579&deviceid=&ivc=[ecp], line 279: NS_ERROR_NOT_INITIALIZED: 
JavaScript error: https://s-static.innovid.com/mobileapps/s/js/vpaid/1eja0t?cb=65f8e14e-4639-ebf0-a123-06d6df01c579&deviceid=&ivc=[ecp], line 279: NS_ERROR_NOT_INITIALIZED: 
JavaScript error: https://s-static.innovid.com/mobileapps/s/js/vpaid/1eja0t?cb=65f8e14e-4639-ebf0-a123-06d6df01c579&deviceid=&ivc=[ecp], line 279: NS_ERROR_NOT_INITIALIZED: 
JavaScript error: https://s-static.innovid.com/mobileapps/s/js/vpaid/1eja0t?cb=65f8e14e-4639-ebf0-a123-06d6df01c579&deviceid=&ivc=[ecp], line 279: NS_ERROR_NOT_INITIALIZED: 
JavaScript error: https://s-static.innovid.com/mobileapps/s/js/vpaid/1eja0t?cb=65f8e14e-4639-ebf0-a123-06d6df01c579&deviceid=&ivc=[ecp], line 279: NS_ERROR_NOT_INITIALIZED: 
JavaScript error: https://s-static.innovid.com/mobileapps/s/js/vpaid/1eja0t?cb=65f8e14e-4639-ebf0-a123-06d6df01c579&deviceid=&ivc=[ecp], line 279: NS_ERROR_NOT_INITIALIZED: 
JavaScript error: https://s-static.innovid.com/mobileapps/s/js/vpaid/1eja0t?cb=65f8e14e-4639-ebf0-a123-06d6df01c579&deviceid=&ivc=[ecp], line 279: NS_ERROR_NOT_INITIALIZED: 
JavaScript error: https://s-static.innovid.com/mobileapps/s/js/vpaid/1eja0t?cb=65f8e14e-4639-ebf0-a123-06d6df01c579&deviceid=&ivc=[ecp], line 279: NS_ERROR_NOT_INITIALIZED: 
JavaScript error: https://s-static.innovid.com/mobileapps/s/js/vpaid/1eja0t?cb=65f8e14e-4639-ebf0-a123-06d6df01c579&deviceid=&ivc=[ecp], line 279: NS_ERROR_NOT_INITIALIZED: 
1520194620646	geckodriver	INFO	geckodriver 0.19.1
1520194620669	geckodriver	INFO	Listening on 127.0.0.1:53986
1520194622207	mozrunner::runner	INFO	Running command: "/Applications/Firefox.app/Contents/MacOS/firefox-bin" "-marionette" "-profile" "/var/folders/jd/lgzdg3wn3dqff7q6k9fpc6nw0000gn/T/rust_mozprofile.JJjkNuqr1RZk"
1520194624431	Marionette	INFO	Enabled via --marionette
2018-03-04 14:17:07.210 plugin-container[45744:1192683] *** CFMessagePort: bootstrap_register(): failed 1100 (0x44c) 'Permission denied', port = 0xa133, name = 'com.apple.tsm.portname'
See /usr/include/servers/bootstrap_defs.h for the error codes.
2018-03-04 14:17:08.119 plugin-container[45745:1192747] *** CFMessagePort: bootstrap_register(): failed 1100 (0x44c) 'Permission denied', port = 0x9e3b, name = 'com.apple.tsm.portname'
See /usr/include/servers/bootstrap_defs.h for the error codes.
1520194628912	Marionette	INFO	Listening on port 54001
1520194628978	Marionette	WARN	TLS certificate errors will be ignored for this session
JavaScript error: https://s-static.innovid.com/mobileapps/s/js/vpaid/1eja0t?cb=65f8e14e-4639-ebf0-a123-06d6df01c579&deviceid=&ivc=[ecp], line 279: NS_ERROR_NOT_INITIALIZED: 
JavaScript error: https://s-static.innovid.com/mobileapps/s/js/vpaid/1eja0t?cb=65f8e14e-4639-ebf0-a123-06d6df01c579&deviceid=&ivc=[ecp], line 279: NS_ERROR_NOT_INITIALIZED: 
JavaScript warning: https://widgets.lendingtree.com/_Incapsula_Resource?SWJIYLWA=719d34d31c8e3a6e6fffd425f7e032f3&ns=2&cb=1810360633, line 1: unreachable code after return statement
JavaScript warning: https://widgets.lendingtree.com/_Incapsula_Resource?SWJIYLWA=719d34d31c8e3a6e6fffd425f7e032f3&ns=2&cb=1810360633, line 1: unreachable code after return statement
JavaScript warning: https://widgets.lendingtree.com/_Incapsula_Resource?SWJIYLWA=719d34d31c8e3a6e6fffd425f7e032f3&ns=2&cb=1810360633 line 1 > eval, line 1: unreachable code after return statement
[Child 45744, Chrome_ChildThread] WARNING: pipe error: Broken pipe: file /builds/worker/workspace/build/src/ipc/chromium/src/chrome/common/ipc_channel_posix.cc, line 709
[GFX1-]: Receive IPC close with reason=AbnormalShutdown
JavaScript error: https://s-static.innovid.com/mobileapps/s/js/vpaid/1eja0t?cb=65f8e14e-4639-ebf0-a123-06d6df01c579&deviceid=&ivc=[ecp], line 279: NS_ERROR_NOT_INITIALIZED: 
JavaScript error: https://s-static.innovid.com/mobileapps/s/js/vpaid/1eja0t?cb=65f8e14e-4639-ebf0-a123-06d6df01c579&deviceid=&ivc=[ecp], line 279: NS_ERROR_NOT_INITIALIZED: 
JavaScript error: https://s-static.innovid.com/mobileapps/s/js/vpaid/1eja0t?cb=65f8e14e-4639-ebf0-a123-06d6df01c579&deviceid=&ivc=[ecp], line 279: NS_ERROR_NOT_INITIALIZED: 
JavaScript error: https://s-static.innovid.com/mobileapps/s/js/vpaid/1eja0t?cb=65f8e14e-4639-ebf0-a123-06d6df01c579&deviceid=&ivc=[ecp], line 279: NS_ERROR_NOT_INITIALIZED: 
1520194682295	geckodriver	INFO	geckodriver 0.19.1
1520194682312	geckodriver	INFO	Listening on 127.0.0.1:54704
1520194683527	mozrunner::runner	INFO	Running command: "/Applications/Firefox.app/Contents/MacOS/firefox-bin" "-marionette" "-profile" "/var/folders/jd/lgzdg3wn3dqff7q6k9fpc6nw0000gn/T/rust_mozprofile.48QgzesMEQbK"
1520194684765	Marionette	INFO	Enabled via --marionette
2018-03-04 14:18:06.640 plugin-container[45767:1193939] *** CFMessagePort: bootstrap_register(): failed 1100 (0x44c) 'Permission denied', port = 0xa23b, name = 'com.apple.tsm.portname'
See /usr/include/servers/bootstrap_defs.h for the error codes.
2018-03-04 14:18:07.341 plugin-container[45768:1194004] *** CFMessagePort: bootstrap_register(): failed 1100 (0x44c) 'Permission denied', port = 0xa037, name = 'com.apple.tsm.portname'
See /usr/include/servers/bootstrap_defs.h for the error codes.
1520194687479	Marionette	INFO	Listening on port 54723
1520194687626	Marionette	WARN	TLS certificate errors will be ignored for this session
JavaScript error: https://s-static.innovid.com/mobileapps/s/js/vpaid/1eja0t?cb=65f8e14e-4639-ebf0-a123-06d6df01c579&deviceid=&ivc=[ecp], line 279: NS_ERROR_NOT_INITIALIZED: 
JavaScript warning: https://widgets.lendingtree.com/_Incapsula_Resource?SWJIYLWA=719d34d31c8e3a6e6fffd425f7e032f3&ns=2&cb=242369160, line 1: unreachable code after return statement
JavaScript warning: https://widgets.lendingtree.com/_Incapsula_Resource?SWJIYLWA=719d34d31c8e3a6e6fffd425f7e032f3&ns=2&cb=242369160, line 1: unreachable code after return statement
JavaScript warning: https://widgets.lendingtree.com/_Incapsula_Resource?SWJIYLWA=719d34d31c8e3a6e6fffd425f7e032f3&ns=2&cb=242369160 line 1 > eval, line 1: unreachable code after return statement
JavaScript error: https://s-static.innovid.com/mobileapps/s/js/vpaid/1eja0t?cb=65f8e14e-4639-ebf0-a123-06d6df01c579&deviceid=&ivc=[ecp], line 279: NS_ERROR_NOT_INITIALIZED: 
[Child 45767, Chrome_ChildThread] WARNING: pipe error: Broken pipe: file /builds/worker/workspace/build/src/ipc/chromium/src/chrome/common/ipc_channel_posix.cc, line 709
JavaScript error: https://s-static.innovid.com/mobileapps/s/js/vpaid/1eja0t?cb=65f8e14e-4639-ebf0-a123-06d6df01c579&deviceid=&ivc=[ecp], line 279: NS_ERROR_NOT_INITIALIZED: 
JavaScript error: https://s-static.innovid.com/mobileapps/s/js/vpaid/1eja0t?cb=65f8e14e-4639-ebf0-a123-06d6df01c579&deviceid=&ivc=[ecp], line 279: NS_ERROR_NOT_INITIALIZED: 
JavaScript error: https://s-static.innovid.com/mobileapps/s/js/vpaid/1eja0t?cb=65f8e14e-4639-ebf0-a123-06d6df01c579&deviceid=&ivc=[ecp], line 279: NS_ERROR_NOT_INITIALIZED: 
JavaScript error: https://s-static.innovid.com/mobileapps/s/js/vpaid/1eja0t?cb=65f8e14e-4639-ebf0-a123-06d6df01c579&deviceid=&ivc=[ecp], line 279: NS_ERROR_NOT_INITIALIZED: 
1520194730015	geckodriver	INFO	geckodriver 0.19.1
1520194730030	geckodriver	INFO	Listening on 127.0.0.1:55293
1520194731258	mozrunner::runner	INFO	Running command: "/Applications/Firefox.app/Contents/MacOS/firefox-bin" "-marionette" "-profile" "/var/folders/jd/lgzdg3wn3dqff7q6k9fpc6nw0000gn/T/rust_mozprofile.PSiiy92Or80c"
1520194732328	Marionette	INFO	Enabled via --marionette
2018-03-04 14:18:53.931 plugin-container[45783:1195093] *** CFMessagePort: bootstrap_register(): failed 1100 (0x44c) 'Permission denied', port = 0xa337, name = 'com.apple.tsm.portname'
See /usr/include/servers/bootstrap_defs.h for the error codes.
1520194734772	Marionette	INFO	Listening on port 55308
2018-03-04 14:18:54.822 plugin-container[45784:1195159] *** CFMessagePort: bootstrap_register(): failed 1100 (0x44c) 'Permission denied', port = 0x9d37, name = 'com.apple.tsm.portname'
See /usr/include/servers/bootstrap_defs.h for the error codes.
1520194734894	Marionette	WARN	TLS certificate errors will be ignored for this session
JavaScript warning: https://widgets.lendingtree.com/_Incapsula_Resource?SWJIYLWA=719d34d31c8e3a6e6fffd425f7e032f3&ns=2&cb=124661862, line 1: unreachable code after return statement
JavaScript warning: https://widgets.lendingtree.com/_Incapsula_Resource?SWJIYLWA=719d34d31c8e3a6e6fffd425f7e032f3&ns=2&cb=124661862 line 1 > eval, line 1: unreachable code after return statement
JavaScript error: https://s-static.innovid.com/mobileapps/s/js/vpaid/1eja0t?cb=65f8e14e-4639-ebf0-a123-06d6df01c579&deviceid=&ivc=[ecp], line 279: NS_ERROR_NOT_INITIALIZED: 
[Child 45783, Chrome_ChildThread] WARNING: pipe error: Broken pipe: file /builds/worker/workspace/build/src/ipc/chromium/src/chrome/common/ipc_channel_posix.cc, line 709
[Child 45783, Chrome_ChildThread] WARNING: pipe error: Broken pipe: file /builds/worker/workspace/build/src/ipc/chromium/src/chrome/common/ipc_channel_posix.cc, line 709
JavaScript error: https://s-static.innovid.com/mobileapps/s/js/vpaid/1eja0t?cb=65f8e14e-4639-ebf0-a123-06d6df01c579&deviceid=&ivc=[ecp], line 279: NS_ERROR_NOT_INITIALIZED: 
JavaScript error: https://acdn.adnxs.com/vx/static/w/anwrapper-1.410.0.js, line 6: NS_ERROR_NOT_INITIALIZED: 
JavaScript error: https://registry.api.cnn.io/bundles/fave/vendor/freewheel.0f7000d8, line 203: TypeError: this.getContentVideoElement(...) is null
JavaScript error: https://registry.api.cnn.io/bundles/fave/vendor/freewheel.0f7000d8, line 203: TypeError: this.getContentVideoElement(...) is null
JavaScript error: https://registry.api.cnn.io/bundles/fave/vendor/freewheel.0f7000d8, line 203: TypeError: this.getContentVideoElement(...) is null
JavaScript error: https://registry.api.cnn.io/bundles/fave/vendor/freewheel.0f7000d8, line 203: TypeError: this.getContentVideoElement(...) is null
JavaScript error: https://acdn.adnxs.com/vx/static/w/anwrapper-1.410.0.js, line 6: NS_ERROR_NOT_INITIALIZED: 
JavaScript error: https://s-static.innovid.com/mobileapps/s/js/vpaid/1eja0t?cb=65f8e14e-4639-ebf0-a123-06d6df01c579&deviceid=&ivc=[ecp], line 279: NS_ERROR_NOT_INITIALIZED: 
[Child 45287, MediaPlayback #3] WARNING: Decoder=11f744000 state=DECODING_METADATA Decode metadata failed, shutting down decoder: file /builds/worker/workspace/build/src/dom/media/MediaDecoderStateMachine.cpp, line 372
[Child 45287, MediaPlayback #3] WARNING: Decoder=11f744000 Decode error: NS_ERROR_DOM_MEDIA_METADATA_ERR (0x806e0006) - static MP4Metadata::ResultAndByteBuffer mp4_demuxer::MP4MetadataStagefright::Metadata(mp4_demuxer::Stream *): Cannot parse metadata: file /builds/worker/workspace/build/src/dom/media/MediaDecoderStateMachine.cpp, line 3365
JavaScript error: https://s-static.innovid.com/mobileapps/s/js/vpaid/1eja0t?cb=65f8e14e-4639-ebf0-a123-06d6df01c579&deviceid=&ivc=[ecp], line 279: NS_ERROR_NOT_INITIALIZED: 
JavaScript error: https://registry.api.cnn.io/bundles/fave/vendor/freewheel.0f7000d8, line 203: TypeError: this.getContentVideoElement(...) is null
JavaScript error: https://registry.api.cnn.io/bundles/fave/vendor/freewheel.0f7000d8, line 203: TypeError: this.getContentVideoElement(...) is null
JavaScript error: https://registry.api.cnn.io/bundles/fave/vendor/freewheel.0f7000d8, line 203: TypeError: this.getContentVideoElement(...) is null
JavaScript error: https://registry.api.cnn.io/bundles/fave/vendor/freewheel.0f7000d8, line 203: TypeError: this.getContentVideoElement(...) is null
JavaScript error: https://s-static.innovid.com/mobileapps/s/js/vpaid/1eja0t?cb=65f8e14e-4639-ebf0-a123-06d6df01c579&deviceid=&ivc=[ecp], line 279: NS_ERROR_NOT_INITIALIZED: 
JavaScript error: https://s-static.innovid.com/mobileapps/s/js/vpaid/1eja0t?cb=65f8e14e-4639-ebf0-a123-06d6df01c579&deviceid=&ivc=[ecp], line 279: NS_ERROR_NOT_INITIALIZED: 
JavaScript error: https://s-static.innovid.com/mobileapps/s/js/vpaid/1eja0t?cb=65f8e14e-4639-ebf0-a123-06d6df01c579&deviceid=&ivc=[ecp], line 279: NS_ERROR_NOT_INITIALIZED: 
JavaScript error: https://s-static.innovid.com/mobileapps/s/js/vpaid/1eja0t?cb=65f8e14e-4639-ebf0-a123-06d6df01c579&deviceid=&ivc=[ecp], line 279: NS_ERROR_NOT_INITIALIZED: 
JavaScript error: https://s-static.innovid.com/mobileapps/s/js/vpaid/1eja0t?cb=65f8e14e-4639-ebf0-a123-06d6df01c579&deviceid=&ivc=[ecp], line 279: NS_ERROR_NOT_INITIALIZED: 
JavaScript error: https://s-static.innovid.com/mobileapps/s/js/vpaid/1eja0t?cb=65f8e14e-4639-ebf0-a123-06d6df01c579&deviceid=&ivc=[ecp], line 279: NS_ERROR_NOT_INITIALIZED: 
JavaScript error: https://s-static.innovid.com/mobileapps/s/js/vpaid/1eja0t?cb=65f8e14e-4639-ebf0-a123-06d6df01c579&deviceid=&ivc=[ecp], line 279: NS_ERROR_NOT_INITIALIZED: 
JavaScript error: https://s-static.innovid.com/mobileapps/s/js/vpaid/1eja0t?cb=65f8e14e-4639-ebf0-a123-06d6df01c579&deviceid=&ivc=[ecp], line 279: NS_ERROR_NOT_INITIALIZED: 
JavaScript error: https://s-static.innovid.com/mobileapps/s/js/vpaid/1eja0t?cb=65f8e14e-4639-ebf0-a123-06d6df01c579&deviceid=&ivc=[ecp], line 279: NS_ERROR_NOT_INITIALIZED: 
JavaScript error: https://s-static.innovid.com/mobileapps/s/js/vpaid/1eja0t?cb=65f8e14e-4639-ebf0-a123-06d6df01c579&deviceid=&ivc=[ecp], line 279: NS_ERROR_NOT_INITIALIZED: 
JavaScript error: https://s-static.innovid.com/mobileapps/s/js/vpaid/1eja0t?cb=65f8e14e-4639-ebf0-a123-06d6df01c579&deviceid=&ivc=[ecp], line 279: NS_ERROR_NOT_INITIALIZED: 
1520195018013	geckodriver	INFO	geckodriver 0.19.1
1520195018027	geckodriver	INFO	Listening on 127.0.0.1:56982
1520195019549	mozrunner::runner	INFO	Running command: "/Applications/Firefox.app/Contents/MacOS/firefox-bin" "-marionette" "-profile" "/var/folders/jd/lgzdg3wn3dqff7q6k9fpc6nw0000gn/T/rust_mozprofile.Lfag9fUlAflg"
1520195021424	Marionette	INFO	Enabled via --marionette
2018-03-04 14:23:43.984 plugin-container[45979:1201010] *** CFMessagePort: bootstrap_register(): failed 1100 (0x44c) 'Permission denied', port = 0xa32f, name = 'com.apple.tsm.portname'
See /usr/include/servers/bootstrap_defs.h for the error codes.
2018-03-04 14:23:44.857 plugin-container[45980:1201075] *** CFMessagePort: bootstrap_register(): failed 1100 (0x44c) 'Permission denied', port = 0x9e37, name = 'com.apple.tsm.portname'
See /usr/include/servers/bootstrap_defs.h for the error codes.
1520195025299	Marionette	INFO	Listening on port 56997
1520195025405	Marionette	WARN	TLS certificate errors will be ignored for this session
JavaScript warning: https://widgets.lendingtree.com/_Incapsula_Resource?SWJIYLWA=719d34d31c8e3a6e6fffd425f7e032f3&ns=2&cb=583467260, line 1: unreachable code after return statement
JavaScript warning: https://widgets.lendingtree.com/_Incapsula_Resource?SWJIYLWA=719d34d31c8e3a6e6fffd425f7e032f3&ns=2&cb=583467260, line 1: unreachable code after return statement
JavaScript warning: https://widgets.lendingtree.com/_Incapsula_Resource?SWJIYLWA=719d34d31c8e3a6e6fffd425f7e032f3&ns=2&cb=583467260 line 1 > eval, line 1: unreachable code after return statement
[GFX1-]: Receive IPC close with reason=AbnormalShutdown
[Child 45979, Chrome_ChildThread] WARNING: pipe error: Broken pipe: file /builds/worker/workspace/build/src/ipc/chromium/src/chrome/common/ipc_channel_posix.cc, line 709
[Child 45979, Chrome_ChildThread] WARNING: pipe error: Broken pipe: file /builds/worker/workspace/build/src/ipc/chromium/src/chrome/common/ipc_channel_posix.cc, line 709
JavaScript error: https://acdn.adnxs.com/vx/static/w/anwrapper-1.410.0.js, line 6: NS_ERROR_NOT_INITIALIZED: 
JavaScript error: https://registry.api.cnn.io/bundles/fave/vendor/freewheel.0f7000d8, line 203: TypeError: this.getContentVideoElement(...) is null
JavaScript error: https://registry.api.cnn.io/bundles/fave/vendor/freewheel.0f7000d8, line 203: TypeError: this.getContentVideoElement(...) is null
JavaScript error: https://registry.api.cnn.io/bundles/fave/vendor/freewheel.0f7000d8, line 203: TypeError: this.getContentVideoElement(...) is null
JavaScript error: https://registry.api.cnn.io/bundles/fave/vendor/freewheel.0f7000d8, line 203: TypeError: this.getContentVideoElement(...) is null
1520195209229	geckodriver	INFO	geckodriver 0.19.1
1520195209250	geckodriver	INFO	Listening on 127.0.0.1:58168
1520195210569	mozrunner::runner	INFO	Running command: "/Applications/Firefox.app/Contents/MacOS/firefox-bin" "-marionette" "-profile" "/var/folders/jd/lgzdg3wn3dqff7q6k9fpc6nw0000gn/T/rust_mozprofile.9FnwW1PFiRTJ"
1520195212474	Marionette	INFO	Enabled via --marionette
2018-03-04 14:26:54.637 plugin-container[46173:1205841] *** CFMessagePort: bootstrap_register(): failed 1100 (0x44c) 'Permission denied', port = 0xa333, name = 'com.apple.tsm.portname'
See /usr/include/servers/bootstrap_defs.h for the error codes.
2018-03-04 14:26:55.519 plugin-container[46174:1205913] *** CFMessagePort: bootstrap_register(): failed 1100 (0x44c) 'Permission denied', port = 0x9f33, name = 'com.apple.tsm.portname'
See /usr/include/servers/bootstrap_defs.h for the error codes.
1520195215782	Marionette	INFO	Listening on port 58183
1520195215834	Marionette	WARN	TLS certificate errors will be ignored for this session
JavaScript warning: https://widgets.lendingtree.com/_Incapsula_Resource?SWJIYLWA=719d34d31c8e3a6e6fffd425f7e032f3&ns=2&cb=45463904, line 1: unreachable code after return statement
[Child 46173, Chrome_ChildThread] WARNING: pipe error: Broken pipe: file /builds/worker/workspace/build/src/ipc/chromium/src/chrome/common/ipc_channel_posix.cc, line 709
1520196192408	geckodriver	INFO	geckodriver 0.19.1
1520196192423	geckodriver	INFO	Listening on 127.0.0.1:62416
1520196193816	mozrunner::runner	INFO	Running command: "/Applications/Firefox.app/Contents/MacOS/firefox-bin" "-marionette" "-profile" "/var/folders/jd/lgzdg3wn3dqff7q6k9fpc6nw0000gn/T/rust_mozprofile.BLyh2ga2ctq2"
1520196195956	Marionette	INFO	Enabled via --marionette
2018-03-04 14:43:18.573 plugin-container[46702:1218570] *** CFMessagePort: bootstrap_register(): failed 1100 (0x44c) 'Permission denied', port = 0xa22f, name = 'com.apple.tsm.portname'
See /usr/include/servers/bootstrap_defs.h for the error codes.
2018-03-04 14:43:19.486 plugin-container[46703:1218626] *** CFMessagePort: bootstrap_register(): failed 1100 (0x44c) 'Permission denied', port = 0x9e37, name = 'com.apple.tsm.portname'
See /usr/include/servers/bootstrap_defs.h for the error codes.
1520196200003	Marionette	INFO	Listening on port 62431
1520196200060	Marionette	WARN	TLS certificate errors will be ignored for this session
JavaScript warning: https://widgets.lendingtree.com/_Incapsula_Resource?SWJIYLWA=719d34d31c8e3a6e6fffd425f7e032f3&ns=2&cb=975893498, line 1: unreachable code after return statement
JavaScript warning: https://widgets.lendingtree.com/_Incapsula_Resource?SWJIYLWA=719d34d31c8e3a6e6fffd425f7e032f3&ns=2&cb=975893498, line 1: unreachable code after return statement
JavaScript warning: https://widgets.lendingtree.com/_Incapsula_Resource?SWJIYLWA=719d34d31c8e3a6e6fffd425f7e032f3&ns=2&cb=975893498 line 1 > eval, line 1: unreachable code after return statement
[Child 46702, Chrome_ChildThread] WARNING: pipe error: Broken pipe: file /builds/worker/workspace/build/src/ipc/chromium/src/chrome/common/ipc_channel_posix.cc, line 709
[Child 46702, Chrome_ChildThread] WARNING: pipe error: Broken pipe: file /builds/worker/workspace/build/src/ipc/chromium/src/chrome/common/ipc_channel_posix.cc, line 709
[Child 46702, Chrome_ChildThread] WARNING: pipe error: Broken pipe: file /builds/worker/workspace/build/src/ipc/chromium/src/chrome/common/ipc_channel_posix.cc, line 709
[Child 46702, Chrome_ChildThread] WARNING: pipe error: Broken pipe: file /builds/worker/workspace/build/src/ipc/chromium/src/chrome/common/ipc_channel_posix.cc, line 709
[Child 46702, Chrome_ChildThread] WARNING: pipe error: Broken pipe: file /builds/worker/workspace/build/src/ipc/chromium/src/chrome/common/ipc_channel_posix.cc, line 709
